[debug] [2026-07-07T23:26:00.083Z] ----------------------------------------------------------------------
[debug] [2026-07-07T23:26:00.085Z] Command:       C:\Program Files\nodejs\node.exe C:\Users\danva\AppData\Roaming\npm\node_modules\firebase-tools\lib\bin\firebase.js deploy --only hosting
[debug] [2026-07-07T23:26:00.085Z] CLI Version:   14.27.0
[debug] [2026-07-07T23:26:00.085Z] Platform:      win32
[debug] [2026-07-07T23:26:00.085Z] Node Version:  v20.9.0
[debug] [2026-07-07T23:26:00.085Z] Time:          Tue Jul 07 2026 17:26:00 GMT-0600 (hora estándar central)
[debug] [2026-07-07T23:26:00.085Z] ----------------------------------------------------------------------
[debug] 
[debug] [2026-07-07T23:26:00.309Z] > command requires scopes: ["email","openid","https://www.googleapis.com/auth/cloudplatformprojects.readonly","https://www.googleapis.com/auth/firebase","https://www.googleapis.com/auth/cloud-platform"]
[debug] [2026-07-07T23:26:00.310Z] > authorizing via signed-in user (danvargn@gmail.com)
[debug] [2026-07-07T23:26:00.310Z] [iam] checking project primerproyecto-64380 for permissions ["firebase.projects.get","firebasehosting.sites.update"]
[debug] [2026-07-07T23:26:00.312Z] Checked if tokens are valid: false, expires at: 1783464136664
[debug] [2026-07-07T23:26:00.313Z] Checked if tokens are valid: false, expires at: 1783464136664
[debug] [2026-07-07T23:26:00.313Z] > refreshing access token with scopes: []
[debug] [2026-07-07T23:26:00.315Z] >>> [apiv2][query] POST https://www.googleapis.com/oauth2/v3/token [none]
[debug] [2026-07-07T23:26:00.316Z] >>> [apiv2][body] POST https://www.googleapis.com/oauth2/v3/token [omitted]
[debug] [2026-07-07T23:26:02.629Z] <<< [apiv2][status] POST https://www.googleapis.com/oauth2/v3/token 200
[debug] [2026-07-07T23:26:02.629Z] <<< [apiv2][body] POST https://www.googleapis.com/oauth2/v3/token [omitted]
[debug] [2026-07-07T23:26:02.643Z] >>> [apiv2][query] POST https://cloudresourcemanager.googleapis.com/v1/projects/primerproyecto-64380:testIamPermissions [none]
[debug] [2026-07-07T23:26:02.644Z] >>> [apiv2][(partial)header] POST https://cloudresourcemanager.googleapis.com/v1/projects/primerproyecto-64380:testIamPermissions x-goog-quota-user=projects/primerproyecto-64380
[debug] [2026-07-07T23:26:02.644Z] >>> [apiv2][body] POST https://cloudresourcemanager.googleapis.com/v1/projects/primerproyecto-64380:testIamPermissions {"permissions":["firebase.projects.get","firebasehosting.sites.update"]}
[debug] [2026-07-07T23:26:21.075Z] *** [apiv2] error from fetch(https://cloudresourcemanager.googleapis.com/v1/projects/primerproyecto-64380:testIamPermissions, {"headers":{},"method":"POST","body":"{\"permissions\":[\"firebase.projects.get\",\"firebasehosting.sites.update\"]}"}): FetchError: request to https://cloudresourcemanager.googleapis.com/v1/projects/primerproyecto-64380:testIamPermissions failed, reason: read ECONNRESET
[debug] [2026-07-07T23:26:21.075Z] [iam] error while checking permissions, command may fail: Failed to make request to https://cloudresourcemanager.googleapis.com/v1/projects/primerproyecto-64380:testIamPermissions
[debug] [2026-07-07T23:26:21.076Z] Checked if tokens are valid: true, expires at: 1783470361629
[debug] [2026-07-07T23:26:21.076Z] Checked if tokens are valid: true, expires at: 1783470361629
[debug] [2026-07-07T23:26:21.076Z] >>> [apiv2][query] GET https://firebase.googleapis.com/v1beta1/projects/primerproyecto-64380 [none]
[debug] [2026-07-07T23:26:25.341Z] <<< [apiv2][status] GET https://firebase.googleapis.com/v1beta1/projects/primerproyecto-64380 200
[debug] [2026-07-07T23:26:25.341Z] <<< [apiv2][body] GET https://firebase.googleapis.com/v1beta1/projects/primerproyecto-64380 {"projectId":"primerproyecto-64380","projectNumber":"903234430148","displayName":"PrimerProyecto","name":"projects/primerproyecto-64380","resources":{"hostingSite":"primerproyecto-64380"},"state":"ACTIVE","labels":{"firebase":"enabled"},"etag":"1_58194057-23af-44bd-b79f-2c4096b8d7cd"}
[info] 
[info] === Deploying to 'primerproyecto-64380'...
[info] 
[info] i  deploying hosting 
[debug] [2026-07-07T23:26:25.351Z] Checked if tokens are valid: true, expires at: 1783470361629
[debug] [2026-07-07T23:26:25.351Z] Checked if tokens are valid: true, expires at: 1783470361629
[debug] [2026-07-07T23:26:25.351Z] >>> [apiv2][query] POST https://firebasehosting.googleapis.com/v1beta1/projects/-/sites/primerproyecto-64380/versions [none]
[debug] [2026-07-07T23:26:25.351Z] >>> [apiv2][body] POST https://firebasehosting.googleapis.com/v1beta1/projects/-/sites/primerproyecto-64380/versions {"status":"CREATED","labels":{"deployment-tool":"cli-firebase"}}
[debug] [2026-07-07T23:26:29.594Z] <<< [apiv2][status] POST https://firebasehosting.googleapis.com/v1beta1/projects/-/sites/primerproyecto-64380/versions 200
[debug] [2026-07-07T23:26:29.594Z] <<< [apiv2][body] POST https://firebasehosting.googleapis.com/v1beta1/projects/-/sites/primerproyecto-64380/versions {"name":"projects/903234430148/sites/primerproyecto-64380/versions/a2f6467d61381585","status":"CREATED","config":{},"labels":{"deployment-tool":"cli-firebase"}}
[info] i  hosting[primerproyecto-64380]: beginning deploy... 
[info] i  hosting[primerproyecto-64380]: found 7 files in dist/primer-proyecto/browser 
[debug] [2026-07-07T23:26:29.612Z] [hosting] uploading with 200 concurrency
[debug] [2026-07-07T23:26:29.669Z] Checked if tokens are valid: true, expires at: 1783470361629
[debug] [2026-07-07T23:26:29.669Z] Checked if tokens are valid: true, expires at: 1783470361629
[debug] [2026-07-07T23:26:29.671Z] [hosting] hash cache [ZGlzdFxwcmltZXItcHJveWVjdG9cYnJvd3Nlcg] stored for 7 files
[debug] [2026-07-07T23:26:29.671Z] [hosting][hash queue][FINAL] {"max":51,"min":0,"avg":10.857142857142858,"active":0,"complete":7,"success":7,"errored":0,"retried":0,"total":7,"elapsed":55}
[debug] [2026-07-07T23:26:29.671Z] >>> [apiv2][query] POST https://firebasehosting.googleapis.com/v1beta1/projects/903234430148/sites/primerproyecto-64380/versions/a2f6467d61381585:populateFiles [none]
[debug] [2026-07-07T23:26:29.671Z] >>> [apiv2][body] POST https://firebasehosting.googleapis.com/v1beta1/projects/903234430148/sites/primerproyecto-64380/versions/a2f6467d61381585:populateFiles {"files":{"/favicon.ico":"7a07382f73aabfe3ca11608636d1bfcbe0e91995c5ea5bb8c7bbb87f618e3b51","/styles-5INURTSO.css":"46b50c321b39e89a491b6727a01628c34245605a30beb3e7414c5e01cff90e6e","/index.html":"53d708df87f54ff385d184e8e379a46abae25daace853447a93f03084a98e211","/index.csr.html":"7a10d94671e95a361ebfd38fa4bbbdac2ba4bb2ed3a98cdb5a44d55a8112dc1f","/home/index.html":"b44da3cf8cfab107f588d28f612c3fa517077b45f66f5b8c7c34f57b0be09647","/polyfills-FFHMD2TL.js":"76ba984d37b7b84364b9c83ddfd98f5f0e81404b4003c71f453a86187587a5e0","/main-YT2DE4DB.js":"40f777918f56d008cde7dd0c3db35c63017921802eb5183ab5aea8006f1ae231"}}
[debug] [2026-07-07T23:26:31.660Z] <<< [apiv2][status] POST https://firebasehosting.googleapis.com/v1beta1/projects/903234430148/sites/primerproyecto-64380/versions/a2f6467d61381585:populateFiles 200
[debug] [2026-07-07T23:26:31.660Z] <<< [apiv2][body] POST https://firebasehosting.googleapis.com/v1beta1/projects/903234430148/sites/primerproyecto-64380/versions/a2f6467d61381585:populateFiles {"uploadRequiredHashes":["53d708df87f54ff385d184e8e379a46abae25daace853447a93f03084a98e211","7a10d94671e95a361ebfd38fa4bbbdac2ba4bb2ed3a98cdb5a44d55a8112dc1f","b44da3cf8cfab107f588d28f612c3fa517077b45f66f5b8c7c34f57b0be09647","40f777918f56d008cde7dd0c3db35c63017921802eb5183ab5aea8006f1ae231"],"uploadUrl":"https://upload-firebasehosting.googleapis.com/upload/sites/primerproyecto-64380/versions/a2f6467d61381585/files"}
[debug] [2026-07-07T23:26:31.661Z] Checked if tokens are valid: true, expires at: 1783470361629
[debug] [2026-07-07T23:26:31.661Z] Checked if tokens are valid: true, expires at: 1783470361629
[debug] [2026-07-07T23:26:31.661Z] Checked if tokens are valid: true, expires at: 1783470361629
[debug] [2026-07-07T23:26:31.661Z] Checked if tokens are valid: true, expires at: 1783470361629
[debug] [2026-07-07T23:26:31.661Z] Checked if tokens are valid: true, expires at: 1783470361629
[debug] [2026-07-07T23:26:31.661Z] Checked if tokens are valid: true, expires at: 1783470361629
[debug] [2026-07-07T23:26:31.661Z] Checked if tokens are valid: true, expires at: 1783470361629
[debug] [2026-07-07T23:26:31.661Z] Checked if tokens are valid: true, expires at: 1783470361629
[debug] [2026-07-07T23:26:31.662Z] >>> [apiv2][query] POST https://upload-firebasehosting.googleapis.com/upload/sites/primerproyecto-64380/versions/a2f6467d61381585/files/53d708df87f54ff385d184e8e379a46abae25daace853447a93f03084a98e211 [none]
[debug] [2026-07-07T23:26:31.662Z] >>> [apiv2][body] POST https://upload-firebasehosting.googleapis.com/upload/sites/primerproyecto-64380/versions/a2f6467d61381585/files/53d708df87f54ff385d184e8e379a46abae25daace853447a93f03084a98e211 [stream]
[debug] [2026-07-07T23:26:31.663Z] >>> [apiv2][query] POST https://upload-firebasehosting.googleapis.com/upload/sites/primerproyecto-64380/versions/a2f6467d61381585/files/7a10d94671e95a361ebfd38fa4bbbdac2ba4bb2ed3a98cdb5a44d55a8112dc1f [none]
[debug] [2026-07-07T23:26:31.663Z] >>> [apiv2][body] POST https://upload-firebasehosting.googleapis.com/upload/sites/primerproyecto-64380/versions/a2f6467d61381585/files/7a10d94671e95a361ebfd38fa4bbbdac2ba4bb2ed3a98cdb5a44d55a8112dc1f [stream]
[debug] [2026-07-07T23:26:31.664Z] >>> [apiv2][query] POST https://upload-firebasehosting.googleapis.com/upload/sites/primerproyecto-64380/versions/a2f6467d61381585/files/b44da3cf8cfab107f588d28f612c3fa517077b45f66f5b8c7c34f57b0be09647 [none]
[debug] [2026-07-07T23:26:31.665Z] >>> [apiv2][body] POST https://upload-firebasehosting.googleapis.com/upload/sites/primerproyecto-64380/versions/a2f6467d61381585/files/b44da3cf8cfab107f588d28f612c3fa517077b45f66f5b8c7c34f57b0be09647 [stream]
[debug] [2026-07-07T23:26:31.666Z] >>> [apiv2][query] POST https://upload-firebasehosting.googleapis.com/upload/sites/primerproyecto-64380/versions/a2f6467d61381585/files/40f777918f56d008cde7dd0c3db35c63017921802eb5183ab5aea8006f1ae231 [none]
[debug] [2026-07-07T23:26:31.666Z] >>> [apiv2][body] POST https://upload-firebasehosting.googleapis.com/upload/sites/primerproyecto-64380/versions/a2f6467d61381585/files/40f777918f56d008cde7dd0c3db35c63017921802eb5183ab5aea8006f1ae231 [stream]
[debug] [2026-07-07T23:26:31.668Z] [hosting][populate queue][FINAL] {"max":1992,"min":1992,"avg":1992,"active":0,"complete":1,"success":1,"errored":0,"retried":0,"total":1,"elapsed":1999}
[debug] [2026-07-07T23:26:31.668Z] [hosting] uploads queued: 4
[debug] [2026-07-07T23:26:35.579Z] <<< [apiv2][status] POST https://upload-firebasehosting.googleapis.com/upload/sites/primerproyecto-64380/versions/a2f6467d61381585/files/b44da3cf8cfab107f588d28f612c3fa517077b45f66f5b8c7c34f57b0be09647 200
[debug] [2026-07-07T23:26:35.579Z] <<< [apiv2][body] POST https://upload-firebasehosting.googleapis.com/upload/sites/primerproyecto-64380/versions/a2f6467d61381585/files/b44da3cf8cfab107f588d28f612c3fa517077b45f66f5b8c7c34f57b0be09647 [stream]
[debug] [2026-07-07T23:26:35.930Z] <<< [apiv2][status] POST https://upload-firebasehosting.googleapis.com/upload/sites/primerproyecto-64380/versions/a2f6467d61381585/files/53d708df87f54ff385d184e8e379a46abae25daace853447a93f03084a98e211 200
[debug] [2026-07-07T23:26:35.930Z] <<< [apiv2][body] POST https://upload-firebasehosting.googleapis.com/upload/sites/primerproyecto-64380/versions/a2f6467d61381585/files/53d708df87f54ff385d184e8e379a46abae25daace853447a93f03084a98e211 [stream]
[debug] [2026-07-07T23:26:36.108Z] <<< [apiv2][status] POST https://upload-firebasehosting.googleapis.com/upload/sites/primerproyecto-64380/versions/a2f6467d61381585/files/7a10d94671e95a361ebfd38fa4bbbdac2ba4bb2ed3a98cdb5a44d55a8112dc1f 200
[debug] [2026-07-07T23:26:36.108Z] <<< [apiv2][body] POST https://upload-firebasehosting.googleapis.com/upload/sites/primerproyecto-64380/versions/a2f6467d61381585/files/7a10d94671e95a361ebfd38fa4bbbdac2ba4bb2ed3a98cdb5a44d55a8112dc1f [stream]
[debug] [2026-07-07T23:26:36.499Z] <<< [apiv2][status] POST https://upload-firebasehosting.googleapis.com/upload/sites/primerproyecto-64380/versions/a2f6467d61381585/files/40f777918f56d008cde7dd0c3db35c63017921802eb5183ab5aea8006f1ae231 200
[debug] [2026-07-07T23:26:36.499Z] <<< [apiv2][body] POST https://upload-firebasehosting.googleapis.com/upload/sites/primerproyecto-64380/versions/a2f6467d61381585/files/40f777918f56d008cde7dd0c3db35c63017921802eb5183ab5aea8006f1ae231 [stream]
[debug] [2026-07-07T23:26:36.499Z] [hosting][upload queue][FINAL] {"max":4838,"min":3918,"avg":4368.5,"active":0,"complete":4,"success":4,"errored":0,"retried":0,"total":4,"elapsed":4839}
[info] +  hosting[primerproyecto-64380]: file upload complete 
[debug] [2026-07-07T23:26:36.500Z] [hosting] deploy completed after 6902ms
[debug] [2026-07-07T23:26:36.500Z] [
  {
    "config": {
      "public": "dist/primer-proyecto/browser",
      "ignore": [
        "firebase.json",
        "**/.*",
        "**/node_modules/**"
      ],
      "rewrites": [
        {
          "source": "**",
          "destination": "/index.html"
        }
      ],
      "site": "primerproyecto-64380"
    },
    "version": "projects/903234430148/sites/primerproyecto-64380/versions/a2f6467d61381585"
  }
]
[info] i  hosting[primerproyecto-64380]: finalizing version... 
[debug] [2026-07-07T23:26:36.503Z] Checked if tokens are valid: true, expires at: 1783470361629
[debug] [2026-07-07T23:26:36.503Z] Checked if tokens are valid: true, expires at: 1783470361629
[debug] [2026-07-07T23:26:36.504Z] >>> [apiv2][query] PATCH https://firebasehosting.googleapis.com/v1beta1/projects/-/sites/primerproyecto-64380/versions/a2f6467d61381585 updateMask=status%2Cconfig
[debug] [2026-07-07T23:26:36.504Z] >>> [apiv2][body] PATCH https://firebasehosting.googleapis.com/v1beta1/projects/-/sites/primerproyecto-64380/versions/a2f6467d61381585 {"status":"FINALIZED","config":{"rewrites":[{"glob":"**","path":"/index.html"}]}}
[debug] [2026-07-07T23:26:38.089Z] <<< [apiv2][status] PATCH https://firebasehosting.googleapis.com/v1beta1/projects/-/sites/primerproyecto-64380/versions/a2f6467d61381585 200
[debug] [2026-07-07T23:26:38.089Z] <<< [apiv2][body] PATCH https://firebasehosting.googleapis.com/v1beta1/projects/-/sites/primerproyecto-64380/versions/a2f6467d61381585 {"name":"projects/903234430148/sites/primerproyecto-64380/versions/a2f6467d61381585","status":"FINALIZED","config":{"rewrites":[{"glob":"**","path":"/index.html"}]},"labels":{"deployment-tool":"cli-firebase"},"createTime":"2026-07-07T23:28:03.418520Z","createUser":{"email":"danvargn@gmail.com"},"finalizeTime":"2026-07-07T23:28:12.319094Z","finalizeUser":{"email":"danvargn@gmail.com"}}
[debug] [2026-07-07T23:26:38.089Z] [hosting] finalized version for primerproyecto-64380:[object Object]
[info] +  hosting[primerproyecto-64380]: version finalized 
[info] i  hosting[primerproyecto-64380]: releasing new version... 
[debug] [2026-07-07T23:26:38.090Z] Checked if tokens are valid: true, expires at: 1783470361629
[debug] [2026-07-07T23:26:38.090Z] Checked if tokens are valid: true, expires at: 1783470361629
[debug] [2026-07-07T23:26:38.090Z] >>> [apiv2][query] POST https://firebasehosting.googleapis.com/v1beta1/projects/-/sites/primerproyecto-64380/channels/live/releases versionName=projects%2F903234430148%2Fsites%2Fprimerproyecto-64380%2Fversions%2Fa2f6467d61381585
[debug] [2026-07-07T23:26:38.090Z] >>> [apiv2][body] POST https://firebasehosting.googleapis.com/v1beta1/projects/-/sites/primerproyecto-64380/channels/live/releases {}
[debug] [2026-07-07T23:26:39.309Z] <<< [apiv2][status] POST https://firebasehosting.googleapis.com/v1beta1/projects/-/sites/primerproyecto-64380/channels/live/releases 200
[debug] [2026-07-07T23:26:39.310Z] <<< [apiv2][body] POST https://firebasehosting.googleapis.com/v1beta1/projects/-/sites/primerproyecto-64380/channels/live/releases {"name":"projects/903234430148/sites/primerproyecto-64380/channels/live/releases/1783466893263000","version":{"name":"projects/903234430148/sites/primerproyecto-64380/versions/a2f6467d61381585","status":"FINALIZED","config":{"rewrites":[{"glob":"**","path":"/index.html"}]},"labels":{"deployment-tool":"cli-firebase"},"createTime":"2026-07-07T23:28:03.418520Z","createUser":{"email":"danvargn@gmail.com","imageUrl":"https://lh3.googleusercontent.com/a/ACg8ocJDGPnOiZovHJ2ajO-iWBw5Yh02bVu8qpMMOvXNT9JBZrcVMVOv"},"finalizeTime":"2026-07-07T23:28:12.319094Z","finalizeUser":{"email":"danvargn@gmail.com","imageUrl":"https://lh3.googleusercontent.com/a/ACg8ocJDGPnOiZovHJ2ajO-iWBw5Yh02bVu8qpMMOvXNT9JBZrcVMVOv"}},"type":"DEPLOY","releaseTime":"2026-07-07T23:28:13.263Z","releaseUser":{"email":"danvargn@gmail.com","imageUrl":"https://lh3.googleusercontent.com/a/ACg8ocJDGPnOiZovHJ2ajO-iWBw5Yh02bVu8qpMMOvXNT9JBZrcVMVOv"}}
[debug] [2026-07-07T23:26:39.310Z] [hosting] release: {"name":"projects/903234430148/sites/primerproyecto-64380/channels/live/releases/1783466893263000","version":{"name":"projects/903234430148/sites/primerproyecto-64380/versions/a2f6467d61381585","status":"FINALIZED","config":{"rewrites":[{"glob":"**","path":"/index.html"}]},"labels":{"deployment-tool":"cli-firebase"},"createTime":"2026-07-07T23:28:03.418520Z","createUser":{"email":"danvargn@gmail.com","imageUrl":"https://lh3.googleusercontent.com/a/ACg8ocJDGPnOiZovHJ2ajO-iWBw5Yh02bVu8qpMMOvXNT9JBZrcVMVOv"},"finalizeTime":"2026-07-07T23:28:12.319094Z","finalizeUser":{"email":"danvargn@gmail.com","imageUrl":"https://lh3.googleusercontent.com/a/ACg8ocJDGPnOiZovHJ2ajO-iWBw5Yh02bVu8qpMMOvXNT9JBZrcVMVOv"}},"type":"DEPLOY","releaseTime":"2026-07-07T23:28:13.263Z","releaseUser":{"email":"danvargn@gmail.com","imageUrl":"https://lh3.googleusercontent.com/a/ACg8ocJDGPnOiZovHJ2ajO-iWBw5Yh02bVu8qpMMOvXNT9JBZrcVMVOv"}}
[info] +  hosting[primerproyecto-64380]: release complete 
[info] 
[info] +  Deploy complete! 
[info] 
[info] Project Console: https://console.firebase.google.com/project/primerproyecto-64380/overview
[info] Hosting URL: https://primerproyecto-64380.web.app
[debug] [2026-07-07T23:26:47.556Z] Error: Timed out.
    at Timeout._onTimeout (C:\Users\danva\AppData\Roaming\npm\node_modules\firebase-tools\lib\utils.js:275:49)
    at listOnTimeout (node:internal/timers:573:17)
    at process.processTimers (node:internal/timers:514:7)
[error] 
[error] Error: An unexpected error has occurred.
